<?xml version="1.0" encoding="UTF-8"?>
<!-- Generated by org.testng.reporters.JUnitXMLReporter -->
<testsuite ignored="0" hostname="DESKTOP-CLKSQFS" failures="3" tests="4" name="Test" time="12.367" errors="0" timestamp="2021-07-15T11:23:48 IST">
  <testcase classname="scenarios.LoginPageTest" name="loginTest" time="7.577"/>
  <testcase classname="scenarios.LoginPageTest" name="loginTest" time="0.0">
    <failure type="org.testng.TestNGException" message="
Data Provider public void scenarios.LoginPageTest.testDataProvider() returned a null value">
      <![CDATA[org.testng.TestNGException: 
Data Provider public void scenarios.LoginPageTest.testDataProvider() returned a null value
at java.base/java.util.ArrayList.forEach(ArrayList.java:1511)
... Removed 24 stack frames]]>
    </failure>
  </testcase> <!-- loginTest -->
  <testcase classname="scenarios.HomePageTest" name="logOutTest" time="0.0">
    <failure type="org.testng.TestNGException" message="
Data Provider public void scenarios.HomePageTest.testDataProvider() returned a null value">
      <![CDATA[org.testng.TestNGException: 
Data Provider public void scenarios.HomePageTest.testDataProvider() returned a null value
at java.base/java.util.ArrayList.forEach(ArrayList.java:1511)
... Removed 24 stack frames]]>
    </failure>
  </testcase> <!-- logOutTest -->
  <testcase classname="scenarios.HomePageTest" name="requestQuoteTest" time="0.0">
    <failure type="org.testng.TestNGException" message="
Data Provider public void scenarios.HomePageTest.testDataProvider() returned a null value">
      <![CDATA[org.testng.TestNGException: 
Data Provider public void scenarios.HomePageTest.testDataProvider() returned a null value
at java.base/java.util.ArrayList.forEach(ArrayList.java:1511)
... Removed 24 stack frames]]>
    </failure>
  </testcase> <!-- requestQuoteTest -->
</testsuite> <!-- Test -->
