<?xml version="1.0" encoding="UTF-8"?>
<!-- Generated by org.testng.reporters.JUnitXMLReporter -->
<testsuite ignored="0" hostname="DESKTOP-CLKSQFS" failures="0" tests="4" name="Test" time="29.911" errors="0" timestamp="2021-07-20T00:08:44 IST">
  <testcase classname="scenario.Login" name="validlogin" time="7.122"/>
  <testcase classname="scenario.InsurancePage" name="requestquotation" time="8.627"/>
  <testcase classname="scenario.Logout" name="out" time="8.72"/>
  <testcase classname="scenario.LoginInvalid" name="invalidlogin" time="5.375"/>
</testsuite> <!-- Test -->
