<?xml version="1.0" encoding="UTF-8"?>
<testng-results ignored="0" total="1" passed="1" failed="0" skipped="0">
  <reporter-output>
  </reporter-output>
  <suite started-at="2021-07-16T00:39:54 IST" name="Default suite" finished-at="2021-07-16T00:40:01 IST" duration-ms="6820">
    <groups>
    </groups>
    <test started-at="2021-07-16T00:39:54 IST" name="Default test" finished-at="2021-07-16T00:40:01 IST" duration-ms="6820">
      <class name="scenarios.HomePageTest">
        <test-method signature="requestquotation()[pri:0, instance:scenarios.HomePageTest@7690781]" started-at="2021-07-16T00:39:54 IST" name="requestquotation" finished-at="2021-07-16T00:40:01 IST" duration-ms="6764" status="PASS">
          <reporter-output>
          </reporter-output>
        </test-method> <!-- requestquotation -->
      </class> <!-- scenarios.HomePageTest -->
    </test> <!-- Default test -->
  </suite> <!-- Default suite -->
</testng-results>
